# JRE version: Java(TM) SE Runtime Environment 18.9 (11.0.19+9) (build 11.0.19+9-LTS-224)
# Java VM: Java HotSpot(TM) 64-Bit Server VM 18.9 (11.0.19+9-LTS-224, mixed mode, tiered, compressed oops, g1 gc, windows-amd64)
Heap:
 garbage-first heap   total 262144K, used 92035K [0x00000000e0000000, 0x0000000100000000)
  region size 1024K, 61 young (62464K), 12 survivors (12288K)
 Metaspace       used 57794K, capacity 58692K, committed 58880K, reserved 305152K
  class space    used 7366K, capacity 7679K, committed 7680K, reserved 253952K
GC Heap History (10 events):
Event: 14.738 GC heap before
{Heap before GC invocations=6 (full 0):
 garbage-first heap   total 262144K, used 129300K [0x00000000e0000000, 0x0000000100000000)
  region size 1024K, 111 young (113664K), 6 survivors (6144K)
 Metaspace       used 45479K, capacity 46234K, committed 46336K, reserved 294912K
  class space    used 5851K, capacity 6138K, committed 6144K, reserved 253952K
}
Event: 14.747 GC heap after
{Heap after GC invocations=7 (full 0):
 garbage-first heap   total 262144K, used 27499K [0x00000000e0000000, 0x0000000100000000)
  region size 1024K, 12 young (12288K), 12 survivors (12288K)
 Metaspace       used 45479K, capacity 46234K, committed 46336K, reserved 294912K
  class space    used 5851K, capacity 6138K, committed 6144K, reserved 253952K
}
Event: 16.127 GC heap before
{Heap before GC invocations=7 (full 0):
 garbage-first heap   total 262144K, used 170859K [0x00000000e0000000, 0x0000000100000000)
  region size 1024K, 153 young (156672K), 12 survivors (12288K)
 Metaspace       used 48629K, capacity 49387K, committed 49664K, reserved 296960K
  class space    used 6306K, capacity 6615K, committed 6656K, reserved 253952K
}
Event: 16.136 GC heap after
{Heap after GC invocations=8 (full 0):
 garbage-first heap   total 262144K, used 31909K [0x00000000e0000000, 0x0000000100000000)
  region size 1024K, 12 young (12288K), 12 survivors (12288K)
 Metaspace       used 48629K, capacity 49387K, committed 49664K, reserved 296960K
  class space    used 6306K, capacity 6615K, committed 6656K, reserved 253952K
}
Event: 17.422 GC heap before
{Heap before GC invocations=8 (full 0):
 garbage-first heap   total 262144K, used 176293K [0x00000000e0000000, 0x0000000100000000)
  region size 1024K, 153 young (156672K), 12 survivors (12288K)
 Metaspace       used 55655K, capacity 56493K, committed 56704K, reserved 303104K
  class space    used 7186K, capacity 7545K, committed 7552K, reserved 253952K
}
Event: 17.432 GC heap after
{Heap after GC invocations=9 (full 0):
 garbage-first heap   total 262144K, used 34297K [0x00000000e0000000, 0x0000000100000000)
  region size 1024K, 13 young (13312K), 13 survivors (13312K)
 Metaspace       used 55655K, capacity 56493K, committed 56704K, reserved 303104K
  class space    used 7186K, capacity 7545K, committed 7552K, reserved 253952K
}
Event: 18.711 GC heap before
{Heap before GC invocations=9 (full 0):
 garbage-first heap   total 262144K, used 176633K [0x00000000e0000000, 0x0000000100000000)
  region size 1024K, 153 young (156672K), 13 survivors (13312K)
 Metaspace       used 57771K, capacity 58692K, committed 58880K, reserved 305152K
  class space    used 7364K, capacity 7679K, committed 7680K, reserved 253952K
}
Event: 18.724 GC heap after
{Heap after GC invocations=10 (full 0):
 garbage-first heap   total 262144K, used 41514K [0x00000000e0000000, 0x0000000100000000)
  region size 1024K, 14 young (14336K), 14 survivors (14336K)
 Metaspace       used 57771K, capacity 58692K, committed 58880K, reserved 305152K
  class space    used 7364K, capacity 7679K, committed 7680K, reserved 253952K
}
Event: 19.765 GC heap before
{Heap before GC invocations=10 (full 0):
 garbage-first heap   total 262144K, used 182826K [0x00000000e0000000, 0x0000000100000000)
  region size 1024K, 153 young (156672K), 14 survivors (14336K)
 Metaspace       used 57793K, capacity 58692K, committed 58880K, reserved 305152K
  class space    used 7366K, capacity 7679K, committed 7680K, reserved 253952K
}
Event: 19.774 GC heap after
{Heap after GC invocations=11 (full 0):
 garbage-first heap   total 262144K, used 42883K [0x00000000e0000000, 0x0000000100000000)
  region size 1024K, 12 young (12288K), 12 survivors (12288K)
 Metaspace       used 57793K, capacity 58692K, committed 58880K, reserved 305152K
  class space    used 7366K, capacity 7679K, committed 7680K, reserved 253952K
}

