# JRE version: Java(TM) SE Runtime Environment 18.9 (11.0.19+9) (build 11.0.19+9-LTS-224)
# Java VM: Java HotSpot(TM) 64-Bit Server VM 18.9 (11.0.19+9-LTS-224, mixed mode, tiered, compressed oops, g1 gc, windows-amd64)
Heap:
 garbage-first heap   total 262144K, used 168888K [0x00000000e0000000, 0x0000000100000000)
  region size 1024K, 149 young (152576K), 15 survivors (15360K)
 Metaspace       used 50547K, capacity 51294K, committed 51584K, reserved 299008K
  class space    used 6449K, capacity 6680K, committed 6784K, reserved 253952K
GC Heap History (10 events):
Event: 611.654 GC heap before
{Heap before GC invocations=4 (full 0):
 garbage-first heap   total 262144K, used 70030K [0x00000000e0000000, 0x0000000100000000)
  region size 1024K, 53 young (54272K), 4 survivors (4096K)
 Metaspace       used 35161K, capacity 35731K, committed 35840K, reserved 286720K
  class space    used 4214K, capacity 4427K, committed 4480K, reserved 253952K
}
Event: 611.735 GC heap after
{Heap after GC invocations=5 (full 0):
 garbage-first heap   total 262144K, used 20929K [0x00000000e0000000, 0x0000000100000000)
  region size 1024K, 6 young (6144K), 6 survivors (6144K)
 Metaspace       used 35161K, capacity 35731K, committed 35840K, reserved 286720K
  class space    used 4214K, capacity 4427K, committed 4480K, reserved 253952K
}
Event: 613.400 GC heap before
{Heap before GC invocations=6 (full 0):
 garbage-first heap   total 262144K, used 96705K [0x00000000e0000000, 0x0000000100000000)
  region size 1024K, 81 young (82944K), 6 survivors (6144K)
 Metaspace       used 42254K, capacity 42847K, committed 43008K, reserved 292864K
  class space    used 5320K, capacity 5507K, committed 5632K, reserved 253952K
}
Event: 613.419 GC heap after
{Heap after GC invocations=7 (full 0):
 garbage-first heap   total 262144K, used 24308K [0x00000000e0000000, 0x0000000100000000)
  region size 1024K, 6 young (6144K), 6 survivors (6144K)
 Metaspace       used 42254K, capacity 42847K, committed 43008K, reserved 292864K
  class space    used 5320K, capacity 5507K, committed 5632K, reserved 253952K
}
Event: 614.598 GC heap before
{Heap before GC invocations=7 (full 0):
 garbage-first heap   total 262144K, used 116468K [0x00000000e0000000, 0x0000000100000000)
  region size 1024K, 96 young (98304K), 6 survivors (6144K)
 Metaspace       used 49090K, capacity 49794K, committed 49920K, reserved 299008K
  class space    used 6305K, capacity 6543K, committed 6656K, reserved 253952K
}
Event: 614.607 GC heap after
{Heap after GC invocations=8 (full 0):
 garbage-first heap   total 262144K, used 27524K [0x00000000e0000000, 0x0000000100000000)
  region size 1024K, 9 young (9216K), 9 survivors (9216K)
 Metaspace       used 49090K, capacity 49794K, committed 49920K, reserved 299008K
  class space    used 6305K, capacity 6543K, committed 6656K, reserved 253952K
}
Event: 615.186 GC heap before
{Heap before GC invocations=8 (full 0):
 garbage-first heap   total 262144K, used 174980K [0x00000000e0000000, 0x0000000100000000)
  region size 1024K, 153 young (156672K), 9 survivors (9216K)
 Metaspace       used 49140K, capacity 49858K, committed 50176K, reserved 299008K
  class space    used 6305K, capacity 6543K, committed 6656K, reserved 253952K
}
Event: 615.193 GC heap after
{Heap after GC invocations=9 (full 0):
 garbage-first heap   total 262144K, used 27908K [0x00000000e0000000, 0x0000000100000000)
  region size 1024K, 10 young (10240K), 10 survivors (10240K)
 Metaspace       used 49140K, capacity 49858K, committed 50176K, reserved 299008K
  class space    used 6305K, capacity 6543K, committed 6656K, reserved 253952K
}
Event: 615.841 GC heap before
{Heap before GC invocations=9 (full 0):
 garbage-first heap   total 262144K, used 173316K [0x00000000e0000000, 0x0000000100000000)
  region size 1024K, 153 young (156672K), 10 survivors (10240K)
 Metaspace       used 50456K, capacity 51102K, committed 51328K, reserved 299008K
  class space    used 6449K, capacity 6680K, committed 6784K, reserved 253952K
}
Event: 615.850 GC heap after
{Heap after GC invocations=10 (full 0):
 garbage-first heap   total 262144K, used 33720K [0x00000000e0000000, 0x0000000100000000)
  region size 1024K, 15 young (15360K), 15 survivors (15360K)
 Metaspace       used 50456K, capacity 51102K, committed 51328K, reserved 299008K
  class space    used 6449K, capacity 6680K, committed 6784K, reserved 253952K
}

